app/build/intermediates/manifest_merge_blame_file/debug/manifest-merger-blame-debug-report.txt
1<?xml version="1.0" encoding="utf-8"?>
2<manifest xmlns:android="http://schemas.android.com/apk/res/android"
3    package="com.fluxer.client"
4    android:versionCode="1"
5    android:versionName="1.0.0" >
6
7    <uses-sdk
8        android:minSdkVersion="26"
9        android:targetSdkVersion="34" />
10
11    <!-- Network permissions -->
12    <uses-permission android:name="android.permission.INTERNET" />
12-->src/main/AndroidManifest.xml:6:5-67
12-->src/main/AndroidManifest.xml:6:22-64
13    <uses-permission android:name="android.permission.ACCESS_NETWORK_STATE" />
13-->src/main/AndroidManifest.xml:7:5-79
13-->src/main/AndroidManifest.xml:7:22-76
14
15    <!-- Notification permissions -->
16    <uses-permission android:name="android.permission.POST_NOTIFICATIONS" />
16-->src/main/AndroidManifest.xml:10:5-77
16-->src/main/AndroidManifest.xml:10:22-74
17
18    <!-- Biometric lock -->
19    <uses-permission android:name="android.permission.USE_BIOMETRIC" />
19-->src/main/AndroidManifest.xml:13:5-72
19-->src/main/AndroidManifest.xml:13:22-69
20
21    <!-- Voice/Call permissions -->
22    <uses-permission android:name="android.permission.CAMERA" />
22-->src/main/AndroidManifest.xml:16:5-65
22-->src/main/AndroidManifest.xml:16:22-62
23    <uses-permission android:name="android.permission.RECORD_AUDIO" />
23-->src/main/AndroidManifest.xml:17:5-71
23-->src/main/AndroidManifest.xml:17:22-68
24    <uses-permission android:name="android.permission.MODIFY_AUDIO_SETTINGS" />
24-->src/main/AndroidManifest.xml:18:5-80
24-->src/main/AndroidManifest.xml:18:22-77
25    <uses-permission android:name="android.permission.READ_PHONE_STATE" />
25-->src/main/AndroidManifest.xml:19:5-75
25-->src/main/AndroidManifest.xml:19:22-72
26    <uses-permission
26-->src/main/AndroidManifest.xml:20:5-95
27        android:name="android.permission.BLUETOOTH"
27-->src/main/AndroidManifest.xml:20:22-65
28        android:maxSdkVersion="30" />
28-->src/main/AndroidManifest.xml:20:66-92
29    <uses-permission android:name="android.permission.BLUETOOTH_CONNECT" />
29-->src/main/AndroidManifest.xml:21:5-76
29-->src/main/AndroidManifest.xml:21:22-73
30    <uses-permission
30-->src/main/AndroidManifest.xml:22:5-101
31        android:name="android.permission.BLUETOOTH_ADMIN"
31-->src/main/AndroidManifest.xml:22:22-71
32        android:maxSdkVersion="30" />
32-->src/main/AndroidManifest.xml:22:72-98
33
34    <!-- Foreground service for calls -->
35    <uses-permission android:name="android.permission.FOREGROUND_SERVICE" />
35-->src/main/AndroidManifest.xml:25:5-77
35-->src/main/AndroidManifest.xml:25:22-74
36    <uses-permission android:name="android.permission.FOREGROUND_SERVICE_PHONE_CALL" />
36-->src/main/AndroidManifest.xml:26:5-88
36-->src/main/AndroidManifest.xml:26:22-85
37    <uses-permission android:name="android.permission.FOREGROUND_SERVICE_MICROPHONE" />
37-->src/main/AndroidManifest.xml:27:5-88
37-->src/main/AndroidManifest.xml:27:22-85
38    <uses-permission android:name="android.permission.FOREGROUND_SERVICE_MEDIA_PROJECTION" />
38-->src/main/AndroidManifest.xml:28:5-94
38-->src/main/AndroidManifest.xml:28:22-91
39    <uses-permission android:name="android.permission.MANAGE_OWN_CALLS" />
39-->src/main/AndroidManifest.xml:29:5-75
39-->src/main/AndroidManifest.xml:29:22-72
40    <uses-permission android:name="android.permission.USE_FULL_SCREEN_INTENT" />
40-->src/main/AndroidManifest.xml:30:5-81
40-->src/main/AndroidManifest.xml:30:22-78
41    <uses-permission android:name="android.permission.TURN_SCREEN_ON" />
41-->src/main/AndroidManifest.xml:31:5-73
41-->src/main/AndroidManifest.xml:31:22-70
42
43    <!-- Wake lock for calls -->
44    <uses-permission android:name="android.permission.WAKE_LOCK" />
44-->src/main/AndroidManifest.xml:34:5-68
44-->src/main/AndroidManifest.xml:34:22-65
45
46    <!-- Vibration for notifications -->
47    <uses-permission android:name="android.permission.VIBRATE" />
47-->src/main/AndroidManifest.xml:37:5-66
47-->src/main/AndroidManifest.xml:37:22-63
48
49    <!-- Launcher app-icon badge support -->
50    <uses-permission android:name="com.sec.android.provider.badge.permission.READ" />
50-->src/main/AndroidManifest.xml:40:5-86
50-->src/main/AndroidManifest.xml:40:22-83
51    <uses-permission android:name="com.sec.android.provider.badge.permission.WRITE" />
51-->src/main/AndroidManifest.xml:41:5-87
51-->src/main/AndroidManifest.xml:41:22-84
52    <uses-permission android:name="com.htc.launcher.permission.READ_SETTINGS" />
52-->src/main/AndroidManifest.xml:42:5-81
52-->src/main/AndroidManifest.xml:42:22-78
53    <uses-permission android:name="com.htc.launcher.permission.UPDATE_SHORTCUT" />
53-->src/main/AndroidManifest.xml:43:5-83
53-->src/main/AndroidManifest.xml:43:22-80
54    <uses-permission android:name="com.sonyericsson.home.permission.BROADCAST_BADGE" />
54-->src/main/AndroidManifest.xml:44:5-88
54-->src/main/AndroidManifest.xml:44:22-85
55    <uses-permission android:name="com.sonymobile.home.permission.PROVIDER_INSERT_BADGE" />
55-->src/main/AndroidManifest.xml:45:5-92
55-->src/main/AndroidManifest.xml:45:22-89
56    <uses-permission android:name="com.anddoes.launcher.permission.UPDATE_COUNT" />
56-->src/main/AndroidManifest.xml:46:5-84
56-->src/main/AndroidManifest.xml:46:22-81
57    <uses-permission android:name="com.majeur.launcher.permission.UPDATE_BADGE" />
57-->src/main/AndroidManifest.xml:47:5-83
57-->src/main/AndroidManifest.xml:47:22-80
58    <uses-permission android:name="com.huawei.android.launcher.permission.CHANGE_BADGE" />
58-->src/main/AndroidManifest.xml:48:5-91
58-->src/main/AndroidManifest.xml:48:22-88
59    <uses-permission android:name="com.huawei.android.launcher.permission.READ_SETTINGS" />
59-->src/main/AndroidManifest.xml:49:5-92
59-->src/main/AndroidManifest.xml:49:22-89
60    <uses-permission android:name="com.huawei.android.launcher.permission.WRITE_SETTINGS" />
60-->src/main/AndroidManifest.xml:50:5-93
60-->src/main/AndroidManifest.xml:50:22-90
61
62    <queries>
62-->src/main/AndroidManifest.xml:168:5-175:15
63        <intent>
63-->src/main/AndroidManifest.xml:169:9-171:18
64            <action android:name="org.unifiedpush.android.distributor.REGISTER" />
64-->src/main/AndroidManifest.xml:170:13-83
64-->src/main/AndroidManifest.xml:170:21-80
65        </intent>
66        <intent>
66-->src/main/AndroidManifest.xml:172:9-174:18
67            <action android:name="android.support.customtabs.action.CustomTabsService" />
67-->src/main/AndroidManifest.xml:173:13-90
67-->src/main/AndroidManifest.xml:173:21-87
68        </intent>
69        <intent>
69-->[org.unifiedpush.android:connector:2.5.0] AndroidManifest.xml:13:9-15:18
70            <action android:name="org.unifiedpush.android.distributor.UNREGISTER" />
70-->[org.unifiedpush.android:connector:2.5.0] AndroidManifest.xml:14:13-85
70-->[org.unifiedpush.android:connector:2.5.0] AndroidManifest.xml:14:21-82
71        </intent>
72    </queries>
73
74    <!-- suppress DeprecatedClassUsageInspection -->
75    <uses-permission android:name="android.permission.USE_FINGERPRINT" /> <!-- Required by older versions of Google Play services to create IID tokens -->
75-->[androidx.biometric:biometric:1.1.0] AndroidManifest.xml:27:5-74
75-->[androidx.biometric:biometric:1.1.0] AndroidManifest.xml:27:22-71
76    <uses-permission android:name="com.google.android.c2dm.permission.RECEIVE" />
76-->[com.google.firebase:firebase-messaging:23.4.0] AndroidManifest.xml:26:5-82
76-->[com.google.firebase:firebase-messaging:23.4.0] AndroidManifest.xml:26:22-79
77    <uses-permission android:name="com.google.android.finsky.permission.BIND_GET_INSTALL_REFERRER_SERVICE" />
77-->[com.google.android.gms:play-services-measurement:21.5.0] AndroidManifest.xml:26:5-110
77-->[com.google.android.gms:play-services-measurement:21.5.0] AndroidManifest.xml:26:22-107
78    <uses-permission android:name="com.google.android.gms.permission.AD_ID" />
78-->[com.google.android.gms:play-services-measurement-api:21.5.0] AndroidManifest.xml:25:5-79
78-->[com.google.android.gms:play-services-measurement-api:21.5.0] AndroidManifest.xml:25:22-76
79    <uses-permission android:name="android.permission.ACCESS_ADSERVICES_ATTRIBUTION" />
79-->[com.google.android.gms:play-services-measurement-api:21.5.0] AndroidManifest.xml:26:5-88
79-->[com.google.android.gms:play-services-measurement-api:21.5.0] AndroidManifest.xml:26:22-85
80    <uses-permission android:name="android.permission.ACCESS_ADSERVICES_AD_ID" />
80-->[com.google.android.gms:play-services-measurement-api:21.5.0] AndroidManifest.xml:27:5-82
80-->[com.google.android.gms:play-services-measurement-api:21.5.0] AndroidManifest.xml:27:22-79
81
82    <permission
82-->[androidx.core:core:1.13.1] AndroidManifest.xml:22:5-24:47
83        android:name="com.fluxer.client.DYNAMIC_RECEIVER_NOT_EXPORTED_PERMISSION"
83-->[androidx.core:core:1.13.1] AndroidManifest.xml:23:9-81
84        android:protectionLevel="signature" />
84-->[androidx.core:core:1.13.1] AndroidManifest.xml:24:9-44
85
86    <uses-permission android:name="com.fluxer.client.DYNAMIC_RECEIVER_NOT_EXPORTED_PERMISSION" />
86-->[androidx.core:core:1.13.1] AndroidManifest.xml:26:5-97
86-->[androidx.core:core:1.13.1] AndroidManifest.xml:26:22-94
87
88    <application
88-->src/main/AndroidManifest.xml:52:5-166:19
89        android:name="com.fluxer.client.FluxerApplication"
89-->src/main/AndroidManifest.xml:53:9-42
90        android:allowBackup="false"
90-->src/main/AndroidManifest.xml:54:9-36
91        android:appComponentFactory="androidx.core.app.CoreComponentFactory"
91-->[androidx.core:core:1.13.1] AndroidManifest.xml:28:18-86
92        android:dataExtractionRules="@xml/data_extraction_rules"
92-->src/main/AndroidManifest.xml:55:9-65
93        android:debuggable="true"
94        android:extractNativeLibs="true"
95        android:fullBackupContent="@xml/backup_rules"
95-->src/main/AndroidManifest.xml:56:9-54
96        android:icon="@mipmap/ic_launcher"
96-->src/main/AndroidManifest.xml:57:9-43
97        android:label="@string/app_name"
97-->src/main/AndroidManifest.xml:58:9-41
98        android:roundIcon="@mipmap/ic_launcher_round"
98-->src/main/AndroidManifest.xml:59:9-54
99        android:supportsRtl="true"
99-->src/main/AndroidManifest.xml:60:9-35
100        android:theme="@style/Theme.Fluxer"
100-->src/main/AndroidManifest.xml:61:9-44
101        android:usesCleartextTraffic="false" >
101-->src/main/AndroidManifest.xml:62:9-45
102        <activity
102-->src/main/AndroidManifest.xml:65:9-110:20
103            android:name="com.fluxer.client.MainActivity"
103-->src/main/AndroidManifest.xml:66:13-41
104            android:exported="true"
104-->src/main/AndroidManifest.xml:67:13-36
105            android:launchMode="singleTask"
105-->src/main/AndroidManifest.xml:70:13-44
106            android:theme="@style/Theme.Fluxer.Splash"
106-->src/main/AndroidManifest.xml:68:13-55
107            android:windowSoftInputMode="adjustResize" >
107-->src/main/AndroidManifest.xml:69:13-55
108            <intent-filter>
108-->src/main/AndroidManifest.xml:71:13-74:29
109                <action android:name="android.intent.action.MAIN" />
109-->src/main/AndroidManifest.xml:72:17-69
109-->src/main/AndroidManifest.xml:72:25-66
110
111                <category android:name="android.intent.category.LAUNCHER" />
111-->src/main/AndroidManifest.xml:73:17-77
111-->src/main/AndroidManifest.xml:73:27-74
112            </intent-filter>
113            <intent-filter>
113-->src/main/AndroidManifest.xml:75:13-80:29
114                <action android:name="android.intent.action.VIEW" />
114-->src/main/AndroidManifest.xml:76:17-69
114-->src/main/AndroidManifest.xml:76:25-66
115
116                <category android:name="android.intent.category.DEFAULT" />
116-->src/main/AndroidManifest.xml:77:17-76
116-->src/main/AndroidManifest.xml:77:27-73
117                <category android:name="android.intent.category.BROWSABLE" />
117-->src/main/AndroidManifest.xml:78:17-78
117-->src/main/AndroidManifest.xml:78:27-75
118
119                <data android:scheme="fluxer" />
119-->src/main/AndroidManifest.xml:79:17-49
119-->src/main/AndroidManifest.xml:79:23-46
120            </intent-filter>
121            <intent-filter android:autoVerify="true" >
121-->src/main/AndroidManifest.xml:81:13-109:29
121-->src/main/AndroidManifest.xml:81:28-53
122                <action android:name="android.intent.action.VIEW" />
122-->src/main/AndroidManifest.xml:76:17-69
122-->src/main/AndroidManifest.xml:76:25-66
123
124                <category android:name="android.intent.category.DEFAULT" />
124-->src/main/AndroidManifest.xml:77:17-76
124-->src/main/AndroidManifest.xml:77:27-73
125                <category android:name="android.intent.category.BROWSABLE" />
125-->src/main/AndroidManifest.xml:78:17-78
125-->src/main/AndroidManifest.xml:78:27-75
126
127                <data
127-->src/main/AndroidManifest.xml:79:17-49
128                    android:host="web.fluxer.app"
128-->src/main/AndroidManifest.xml:85:46-75
129                    android:pathPrefix="/channels"
129-->src/main/AndroidManifest.xml:85:76-106
130                    android:scheme="https" />
130-->src/main/AndroidManifest.xml:79:23-46
131                <data
131-->src/main/AndroidManifest.xml:79:17-49
132                    android:host="web.fluxer.app"
132-->src/main/AndroidManifest.xml:85:46-75
133                    android:pathPrefix="/invite"
133-->src/main/AndroidManifest.xml:85:76-106
134                    android:scheme="https" />
134-->src/main/AndroidManifest.xml:79:23-46
135                <data
135-->src/main/AndroidManifest.xml:79:17-49
136                    android:host="web.fluxer.app"
136-->src/main/AndroidManifest.xml:85:46-75
137                    android:pathPrefix="/gift"
137-->src/main/AndroidManifest.xml:85:76-106
138                    android:scheme="https" />
138-->src/main/AndroidManifest.xml:79:23-46
139                <data
139-->src/main/AndroidManifest.xml:79:17-49
140                    android:host="web.fluxer.app"
140-->src/main/AndroidManifest.xml:85:46-75
141                    android:pathPrefix="/theme"
141-->src/main/AndroidManifest.xml:85:76-106
142                    android:scheme="https" />
142-->src/main/AndroidManifest.xml:79:23-46
143                <data
143-->src/main/AndroidManifest.xml:79:17-49
144                    android:host="web.fluxer.app"
144-->src/main/AndroidManifest.xml:85:46-75
145                    android:pathPrefix="/notifications"
145-->src/main/AndroidManifest.xml:85:76-106
146                    android:scheme="https" />
146-->src/main/AndroidManifest.xml:79:23-46
147                <data
147-->src/main/AndroidManifest.xml:79:17-49
148                    android:host="web.fluxer.app"
148-->src/main/AndroidManifest.xml:85:46-75
149                    android:pathPrefix="/you"
149-->src/main/AndroidManifest.xml:85:76-106
150                    android:scheme="https" />
150-->src/main/AndroidManifest.xml:79:23-46
151                <data
151-->src/main/AndroidManifest.xml:79:17-49
152                    android:host="web.canary.fluxer.app"
152-->src/main/AndroidManifest.xml:85:46-75
153                    android:pathPrefix="/channels"
153-->src/main/AndroidManifest.xml:85:76-106
154                    android:scheme="https" />
154-->src/main/AndroidManifest.xml:79:23-46
155                <data
155-->src/main/AndroidManifest.xml:79:17-49
156                    android:host="web.canary.fluxer.app"
156-->src/main/AndroidManifest.xml:85:46-75
157                    android:pathPrefix="/invite"
157-->src/main/AndroidManifest.xml:85:76-106
158                    android:scheme="https" />
158-->src/main/AndroidManifest.xml:79:23-46
159                <data
159-->src/main/AndroidManifest.xml:79:17-49
160                    android:host="web.canary.fluxer.app"
160-->src/main/AndroidManifest.xml:85:46-75
161                    android:pathPrefix="/gift"
161-->src/main/AndroidManifest.xml:85:76-106
162                    android:scheme="https" />
162-->src/main/AndroidManifest.xml:79:23-46
163                <data
163-->src/main/AndroidManifest.xml:79:17-49
164                    android:host="web.canary.fluxer.app"
164-->src/main/AndroidManifest.xml:85:46-75
165                    android:pathPrefix="/theme"
165-->src/main/AndroidManifest.xml:85:76-106
166                    android:scheme="https" />
166-->src/main/AndroidManifest.xml:79:23-46
167                <data
167-->src/main/AndroidManifest.xml:79:17-49
168                    android:host="web.canary.fluxer.app"
168-->src/main/AndroidManifest.xml:85:46-75
169                    android:pathPrefix="/notifications"
169-->src/main/AndroidManifest.xml:85:76-106
170                    android:scheme="https" />
170-->src/main/AndroidManifest.xml:79:23-46
171                <data
171-->src/main/AndroidManifest.xml:79:17-49
172                    android:host="web.canary.fluxer.app"
172-->src/main/AndroidManifest.xml:85:46-75
173                    android:pathPrefix="/you"
173-->src/main/AndroidManifest.xml:85:76-106
174                    android:scheme="https" />
174-->src/main/AndroidManifest.xml:79:23-46
175                <data
175-->src/main/AndroidManifest.xml:79:17-49
176                    android:host="web.fluxer.com"
176-->src/main/AndroidManifest.xml:85:46-75
177                    android:pathPrefix="/channels"
177-->src/main/AndroidManifest.xml:85:76-106
178                    android:scheme="https" />
178-->src/main/AndroidManifest.xml:79:23-46
179                <data
179-->src/main/AndroidManifest.xml:79:17-49
180                    android:host="web.fluxer.com"
180-->src/main/AndroidManifest.xml:85:46-75
181                    android:pathPrefix="/invite"
181-->src/main/AndroidManifest.xml:85:76-106
182                    android:scheme="https" />
182-->src/main/AndroidManifest.xml:79:23-46
183                <data
183-->src/main/AndroidManifest.xml:79:17-49
184                    android:host="web.fluxer.com"
184-->src/main/AndroidManifest.xml:85:46-75
185                    android:pathPrefix="/gift"
185-->src/main/AndroidManifest.xml:85:76-106
186                    android:scheme="https" />
186-->src/main/AndroidManifest.xml:79:23-46
187                <data
187-->src/main/AndroidManifest.xml:79:17-49
188                    android:host="web.fluxer.com"
188-->src/main/AndroidManifest.xml:85:46-75
189                    android:pathPrefix="/theme"
189-->src/main/AndroidManifest.xml:85:76-106
190                    android:scheme="https" />
190-->src/main/AndroidManifest.xml:79:23-46
191                <data
191-->src/main/AndroidManifest.xml:79:17-49
192                    android:host="web.fluxer.com"
192-->src/main/AndroidManifest.xml:85:46-75
193                    android:pathPrefix="/notifications"
193-->src/main/AndroidManifest.xml:85:76-106
194                    android:scheme="https" />
194-->src/main/AndroidManifest.xml:79:23-46
195                <data
195-->src/main/AndroidManifest.xml:79:17-49
196                    android:host="web.fluxer.com"
196-->src/main/AndroidManifest.xml:85:46-75
197                    android:pathPrefix="/you"
197-->src/main/AndroidManifest.xml:85:76-106
198                    android:scheme="https" />
198-->src/main/AndroidManifest.xml:79:23-46
199                <data
199-->src/main/AndroidManifest.xml:79:17-49
200                    android:host="web.canary.fluxer.com"
200-->src/main/AndroidManifest.xml:85:46-75
201                    android:pathPrefix="/channels"
201-->src/main/AndroidManifest.xml:85:76-106
202                    android:scheme="https" />
202-->src/main/AndroidManifest.xml:79:23-46
203                <data
203-->src/main/AndroidManifest.xml:79:17-49
204                    android:host="web.canary.fluxer.com"
204-->src/main/AndroidManifest.xml:85:46-75
205                    android:pathPrefix="/invite"
205-->src/main/AndroidManifest.xml:85:76-106
206                    android:scheme="https" />
206-->src/main/AndroidManifest.xml:79:23-46
207                <data
207-->src/main/AndroidManifest.xml:79:17-49
208                    android:host="web.canary.fluxer.com"
208-->src/main/AndroidManifest.xml:85:46-75
209                    android:pathPrefix="/gift"
209-->src/main/AndroidManifest.xml:85:76-106
210                    android:scheme="https" />
210-->src/main/AndroidManifest.xml:79:23-46
211                <data
211-->src/main/AndroidManifest.xml:79:17-49
212                    android:host="web.canary.fluxer.com"
212-->src/main/AndroidManifest.xml:85:46-75
213                    android:pathPrefix="/theme"
213-->src/main/AndroidManifest.xml:85:76-106
214                    android:scheme="https" />
214-->src/main/AndroidManifest.xml:79:23-46
215                <data
215-->src/main/AndroidManifest.xml:79:17-49
216                    android:host="web.canary.fluxer.com"
216-->src/main/AndroidManifest.xml:85:46-75
217                    android:pathPrefix="/notifications"
217-->src/main/AndroidManifest.xml:85:76-106
218                    android:scheme="https" />
218-->src/main/AndroidManifest.xml:79:23-46
219                <data
219-->src/main/AndroidManifest.xml:79:17-49
220                    android:host="web.canary.fluxer.com"
220-->src/main/AndroidManifest.xml:85:46-75
221                    android:pathPrefix="/you"
221-->src/main/AndroidManifest.xml:85:76-106
222                    android:scheme="https" />
222-->src/main/AndroidManifest.xml:79:23-46
223            </intent-filter>
224        </activity>
225
226        <!-- Firebase Messaging Service -->
227        <service
227-->src/main/AndroidManifest.xml:113:9-119:19
228            android:name="com.fluxer.client.service.FluxerMessagingService"
228-->src/main/AndroidManifest.xml:114:13-59
229            android:exported="false" >
229-->src/main/AndroidManifest.xml:115:13-37
230            <intent-filter>
230-->src/main/AndroidManifest.xml:116:13-118:29
231                <action android:name="com.google.firebase.MESSAGING_EVENT" />
231-->src/main/AndroidManifest.xml:117:17-78
231-->src/main/AndroidManifest.xml:117:25-75
232            </intent-filter>
233        </service>
234
235        <!-- Call Connection Service for CallKit integration -->
236        <service
236-->src/main/AndroidManifest.xml:122:9-129:19
237            android:name="com.fluxer.client.service.FluxerCallConnectionService"
237-->src/main/AndroidManifest.xml:123:13-64
238            android:exported="true"
238-->src/main/AndroidManifest.xml:125:13-36
239            android:permission="android.permission.BIND_TELECOM_CONNECTION_SERVICE" >
239-->src/main/AndroidManifest.xml:124:13-84
240            <intent-filter>
240-->src/main/AndroidManifest.xml:126:13-128:29
241                <action android:name="android.telecom.ConnectionService" />
241-->src/main/AndroidManifest.xml:127:17-76
241-->src/main/AndroidManifest.xml:127:25-73
242            </intent-filter>
243        </service>
244
245        <!-- Call Broadcast Receiver -->
246        <receiver
246-->src/main/AndroidManifest.xml:132:9-140:20
247            android:name="com.fluxer.client.service.CallBroadcastReceiver"
247-->src/main/AndroidManifest.xml:133:13-58
248            android:exported="false" >
248-->src/main/AndroidManifest.xml:134:13-37
249            <intent-filter>
249-->src/main/AndroidManifest.xml:135:13-139:29
250                <action android:name="com.fluxer.client.ACTION_ACCEPT_CALL" />
250-->src/main/AndroidManifest.xml:136:17-79
250-->src/main/AndroidManifest.xml:136:25-76
251                <action android:name="com.fluxer.client.ACTION_DECLINE_CALL" />
251-->src/main/AndroidManifest.xml:137:17-80
251-->src/main/AndroidManifest.xml:137:25-77
252                <action android:name="com.fluxer.client.ACTION_END_CALL" />
252-->src/main/AndroidManifest.xml:138:17-76
252-->src/main/AndroidManifest.xml:138:25-73
253            </intent-filter>
254        </receiver>
255
256        <!-- UnifiedPush Messaging Receiver -->
257        <receiver
257-->src/main/AndroidManifest.xml:143:9-153:20
258            android:name="com.fluxer.client.service.FluxerUnifiedPushReceiver"
258-->src/main/AndroidManifest.xml:144:13-62
259            android:exported="true" >
259-->src/main/AndroidManifest.xml:145:13-36
260            <intent-filter>
260-->src/main/AndroidManifest.xml:146:13-152:29
261                <action android:name="org.unifiedpush.android.connector.MESSAGE" />
261-->src/main/AndroidManifest.xml:147:17-84
261-->src/main/AndroidManifest.xml:147:25-81
262                <action android:name="org.unifiedpush.android.connector.UNREGISTERED" />
262-->src/main/AndroidManifest.xml:148:17-89
262-->src/main/AndroidManifest.xml:148:25-86
263                <action android:name="org.unifiedpush.android.connector.NEW_ENDPOINT" />
263-->src/main/AndroidManifest.xml:149:17-89
263-->src/main/AndroidManifest.xml:149:25-86
264                <action android:name="org.unifiedpush.android.connector.REGISTRATION_FAILED" />
264-->src/main/AndroidManifest.xml:150:17-96
264-->src/main/AndroidManifest.xml:150:25-93
265                <action android:name="org.unifiedpush.android.connector.REGISTRATION_REFUSED" />
265-->src/main/AndroidManifest.xml:151:17-97
265-->src/main/AndroidManifest.xml:151:25-94
266            </intent-filter>
267        </receiver>
268
269        <!-- Firebase Metadata -->
270        <meta-data
270-->src/main/AndroidManifest.xml:156:9-158:60
271            android:name="com.google.firebase.messaging.default_notification_icon"
271-->src/main/AndroidManifest.xml:157:13-83
272            android:resource="@drawable/ic_notification" />
272-->src/main/AndroidManifest.xml:158:13-57
273        <meta-data
273-->src/main/AndroidManifest.xml:159:9-161:53
274            android:name="com.google.firebase.messaging.default_notification_color"
274-->src/main/AndroidManifest.xml:160:13-84
275            android:resource="@color/phantom_red" />
275-->src/main/AndroidManifest.xml:161:13-50
276        <meta-data
276-->src/main/AndroidManifest.xml:162:9-164:46
277            android:name="com.google.firebase.messaging.default_notification_channel_id"
277-->src/main/AndroidManifest.xml:163:13-89
278            android:value="fluxer_general" />
278-->src/main/AndroidManifest.xml:164:13-43
279
280        <activity
280-->[androidx.compose.ui:ui-tooling-android:1.6.1] AndroidManifest.xml:23:9-25:39
281            android:name="androidx.compose.ui.tooling.PreviewActivity"
281-->[androidx.compose.ui:ui-tooling-android:1.6.1] AndroidManifest.xml:24:13-71
282            android:exported="true" />
282-->[androidx.compose.ui:ui-tooling-android:1.6.1] AndroidManifest.xml:25:13-36
283        <activity
283-->[androidx.compose.ui:ui-test-manifest:1.6.1] AndroidManifest.xml:23:9-25:39
284            android:name="androidx.activity.ComponentActivity"
284-->[androidx.compose.ui:ui-test-manifest:1.6.1] AndroidManifest.xml:24:13-63
285            android:exported="true" />
285-->[androidx.compose.ui:ui-test-manifest:1.6.1] AndroidManifest.xml:25:13-36
286
287        <service
287-->[androidx.credentials:credentials-play-services-auth:1.2.2] AndroidManifest.xml:24:9-32:19
288            android:name="androidx.credentials.playservices.CredentialProviderMetadataHolder"
288-->[androidx.credentials:credentials-play-services-auth:1.2.2] AndroidManifest.xml:25:13-94
289            android:enabled="true"
289-->[androidx.credentials:credentials-play-services-auth:1.2.2] AndroidManifest.xml:26:13-35
290            android:exported="false" >
290-->[androidx.credentials:credentials-play-services-auth:1.2.2] AndroidManifest.xml:27:13-37
291            <meta-data
291-->[androidx.credentials:credentials-play-services-auth:1.2.2] AndroidManifest.xml:29:13-31:104
292                android:name="androidx.credentials.CREDENTIAL_PROVIDER_KEY"
292-->[androidx.credentials:credentials-play-services-auth:1.2.2] AndroidManifest.xml:30:17-76
293                android:value="androidx.credentials.playservices.CredentialProviderPlayServicesImpl" />
293-->[androidx.credentials:credentials-play-services-auth:1.2.2] AndroidManifest.xml:31:17-101
294        </service>
295
296        <activity
296-->[androidx.credentials:credentials-play-services-auth:1.2.2] AndroidManifest.xml:34:9-41:20
297            android:name="androidx.credentials.playservices.HiddenActivity"
297-->[androidx.credentials:credentials-play-services-auth:1.2.2] AndroidManifest.xml:35:13-76
298            android:configChanges="orientation|screenSize|screenLayout|keyboardHidden"
298-->[androidx.credentials:credentials-play-services-auth:1.2.2] AndroidManifest.xml:36:13-87
299            android:enabled="true"
299-->[androidx.credentials:credentials-play-services-auth:1.2.2] AndroidManifest.xml:37:13-35
300            android:exported="false"
300-->[androidx.credentials:credentials-play-services-auth:1.2.2] AndroidManifest.xml:38:13-37
301            android:fitsSystemWindows="true"
301-->[androidx.credentials:credentials-play-services-auth:1.2.2] AndroidManifest.xml:39:13-45
302            android:theme="@style/Theme.Hidden" >
302-->[androidx.credentials:credentials-play-services-auth:1.2.2] AndroidManifest.xml:40:13-48
303        </activity>
304        <activity
304-->[com.google.android.gms:play-services-auth:20.7.0] AndroidManifest.xml:23:9-27:75
305            android:name="com.google.android.gms.auth.api.signin.internal.SignInHubActivity"
305-->[com.google.android.gms:play-services-auth:20.7.0] AndroidManifest.xml:24:13-93
306            android:excludeFromRecents="true"
306-->[com.google.android.gms:play-services-auth:20.7.0] AndroidManifest.xml:25:13-46
307            android:exported="false"
307-->[com.google.android.gms:play-services-auth:20.7.0] AndroidManifest.xml:26:13-37
308            android:theme="@android:style/Theme.Translucent.NoTitleBar" />
308-->[com.google.android.gms:play-services-auth:20.7.0] AndroidManifest.xml:27:13-72
309        <!--